<?xml version='1.0' encoding='UTF-8' ?>
<testsuite name="com.example.dogglers.VerticalListTests" tests="1" failures="0" errors="0" skipped="0" time="2.87" timestamp="2022-07-27T07:25:52" hostname="localhost">
  <properties>
    <property name="device" value="SM-M205G - 10" />
    <property name="flavor" value="" />
    <property name="project" value=":app" />
  </properties>
  <testcase name="vertical_scroll_content_at_first_position" classname="com.example.dogglers.VerticalListTests" time="2.203" />
</testsuite>